2022-05-19 20:34:11.702  INFO 1 --- [main] com.proiect.app.ProiectApp               : The following 2 profiles are active: "prod", "api-docs"
2022-05-19 20:34:15.373  INFO 1 --- [main] com.proiect.app.config.WebConfigurer     : Web application configuration, using profiles: prod
2022-05-19 20:34:15.374  INFO 1 --- [main] com.proiect.app.config.WebConfigurer     : Web application fully configured
2022-05-19 20:34:17.900  WARN 1 --- [main] org.hibernate.orm.cache                  : HHH90001006: Missing cache[com.proiect.app.domain.Alert] was created on-the-fly. The created cache will use a provider-specific default configuration: make sure you defined one. You can disable this warning by setting 'hibernate.javax.cache.missing_cache_strategy' to 'create'.
2022-05-19 20:34:17.981  WARN 1 --- [main] org.hibernate.orm.cache                  : HHH90001006: Missing cache[com.proiect.app.domain.PostComment] was created on-the-fly. The created cache will use a provider-specific default configuration: make sure you defined one. You can disable this warning by setting 'hibernate.javax.cache.missing_cache_strategy' to 'create'.
2022-05-19 20:34:17.986  WARN 1 --- [main] org.hibernate.orm.cache                  : HHH90001006: Missing cache[com.proiect.app.domain.Post] was created on-the-fly. The created cache will use a provider-specific default configuration: make sure you defined one. You can disable this warning by setting 'hibernate.javax.cache.missing_cache_strategy' to 'create'.
2022-05-19 20:34:17.989  WARN 1 --- [main] org.hibernate.orm.cache                  : HHH90001006: Missing cache[com.proiect.app.domain.Authority] was created on-the-fly. The created cache will use a provider-specific default configuration: make sure you defined one. You can disable this warning by setting 'hibernate.javax.cache.missing_cache_strategy' to 'create'.
2022-05-19 20:34:17.993  WARN 1 --- [main] org.hibernate.orm.cache                  : HHH90001006: Missing cache[com.proiect.app.domain.Place] was created on-the-fly. The created cache will use a provider-specific default configuration: make sure you defined one. You can disable this warning by setting 'hibernate.javax.cache.missing_cache_strategy' to 'create'.
2022-05-19 20:34:17.996  WARN 1 --- [main] org.hibernate.orm.cache                  : HHH90001006: Missing cache[com.proiect.app.domain.User.authorities] was created on-the-fly. The created cache will use a provider-specific default configuration: make sure you defined one. You can disable this warning by setting 'hibernate.javax.cache.missing_cache_strategy' to 'create'.
2022-05-19 20:34:18.000  WARN 1 --- [main] org.hibernate.orm.cache                  : HHH90001006: Missing cache[com.proiect.app.domain.User] was created on-the-fly. The created cache will use a provider-specific default configuration: make sure you defined one. You can disable this warning by setting 'hibernate.javax.cache.missing_cache_strategy' to 'create'.
2022-05-19 20:34:19.990  WARN 1 --- [main] o.s.s.c.a.web.builders.WebSecurity       : You are asking Spring Security to ignore Ant [pattern='/**', OPTIONS]. This is not recommended -- please use permitAll via HttpSecurity#authorizeHttpRequests instead.
2022-05-19 20:34:19.991  WARN 1 --- [main] o.s.s.c.a.web.builders.WebSecurity       : You are asking Spring Security to ignore Ant [pattern='/app/**/*.{js,html}']. This is not recommended -- please use permitAll via HttpSecurity#authorizeHttpRequests instead.
2022-05-19 20:34:19.992  WARN 1 --- [main] o.s.s.c.a.web.builders.WebSecurity       : You are asking Spring Security to ignore Ant [pattern='/i18n/**']. This is not recommended -- please use permitAll via HttpSecurity#authorizeHttpRequests instead.
2022-05-19 20:34:19.992  WARN 1 --- [main] o.s.s.c.a.web.builders.WebSecurity       : You are asking Spring Security to ignore Ant [pattern='/content/**']. This is not recommended -- please use permitAll via HttpSecurity#authorizeHttpRequests instead.
2022-05-19 20:34:19.993  WARN 1 --- [main] o.s.s.c.a.web.builders.WebSecurity       : You are asking Spring Security to ignore Ant [pattern='/swagger-ui/**']. This is not recommended -- please use permitAll via HttpSecurity#authorizeHttpRequests instead.
2022-05-19 20:34:19.993  WARN 1 --- [main] o.s.s.c.a.web.builders.WebSecurity       : You are asking Spring Security to ignore Ant [pattern='/test/**']. This is not recommended -- please use permitAll via HttpSecurity#authorizeHttpRequests instead.
2022-05-19 20:34:20.776  INFO 1 --- [main] org.jboss.threads                        : JBoss Threads version 3.1.0.Final
2022-05-19 20:34:20.827  INFO 1 --- [main] com.proiect.app.ProiectApp               : Started ProiectApp in 10.193 seconds (JVM running for 10.759)
2022-05-19 20:34:20.833  INFO 1 --- [main] com.proiect.app.ProiectApp               : 
----------------------------------------------------------
	Application 'proiect' is running! Access URLs:
	Local: 		http://localhost:8080/
	External: 	http://172.20.0.8:8080/
	Profile(s): 	[prod, api-docs]
----------------------------------------------------------
2022-05-19 20:34:43.852  WARN 1 --- [XNIO-1 task-3] o.z.problem.spring.common.AdviceTraits   : Unauthorized: Full authentication is required to access this resource
2022-05-19 20:37:24.968  INFO 1 --- [main] com.proiect.app.ProiectApp               : The following 2 profiles are active: "prod", "api-docs"
2022-05-19 20:37:29.050  INFO 1 --- [main] com.proiect.app.config.WebConfigurer     : Web application configuration, using profiles: prod
2022-05-19 20:37:29.052  INFO 1 --- [main] com.proiect.app.config.WebConfigurer     : Web application fully configured
2022-05-19 20:37:31.596  WARN 1 --- [main] org.hibernate.orm.cache                  : HHH90001006: Missing cache[com.proiect.app.domain.PostComment] was created on-the-fly. The created cache will use a provider-specific default configuration: make sure you defined one. You can disable this warning by setting 'hibernate.javax.cache.missing_cache_strategy' to 'create'.
2022-05-19 20:37:31.690  WARN 1 --- [main] org.hibernate.orm.cache                  : HHH90001006: Missing cache[com.proiect.app.domain.User.authorities] was created on-the-fly. The created cache will use a provider-specific default configuration: make sure you defined one. You can disable this warning by setting 'hibernate.javax.cache.missing_cache_strategy' to 'create'.
2022-05-19 20:37:31.694  WARN 1 --- [main] org.hibernate.orm.cache                  : HHH90001006: Missing cache[com.proiect.app.domain.Authority] was created on-the-fly. The created cache will use a provider-specific default configuration: make sure you defined one. You can disable this warning by setting 'hibernate.javax.cache.missing_cache_strategy' to 'create'.
2022-05-19 20:37:31.699  WARN 1 --- [main] org.hibernate.orm.cache                  : HHH90001006: Missing cache[com.proiect.app.domain.Post] was created on-the-fly. The created cache will use a provider-specific default configuration: make sure you defined one. You can disable this warning by setting 'hibernate.javax.cache.missing_cache_strategy' to 'create'.
2022-05-19 20:37:31.704  WARN 1 --- [main] org.hibernate.orm.cache                  : HHH90001006: Missing cache[com.proiect.app.domain.Place] was created on-the-fly. The created cache will use a provider-specific default configuration: make sure you defined one. You can disable this warning by setting 'hibernate.javax.cache.missing_cache_strategy' to 'create'.
2022-05-19 20:37:31.707  WARN 1 --- [main] org.hibernate.orm.cache                  : HHH90001006: Missing cache[com.proiect.app.domain.Alert] was created on-the-fly. The created cache will use a provider-specific default configuration: make sure you defined one. You can disable this warning by setting 'hibernate.javax.cache.missing_cache_strategy' to 'create'.
2022-05-19 20:37:31.710  WARN 1 --- [main] org.hibernate.orm.cache                  : HHH90001006: Missing cache[com.proiect.app.domain.User] was created on-the-fly. The created cache will use a provider-specific default configuration: make sure you defined one. You can disable this warning by setting 'hibernate.javax.cache.missing_cache_strategy' to 'create'.
2022-05-19 20:37:33.776  WARN 1 --- [main] o.s.s.c.a.web.builders.WebSecurity       : You are asking Spring Security to ignore Ant [pattern='/**', OPTIONS]. This is not recommended -- please use permitAll via HttpSecurity#authorizeHttpRequests instead.
2022-05-19 20:37:33.777  WARN 1 --- [main] o.s.s.c.a.web.builders.WebSecurity       : You are asking Spring Security to ignore Ant [pattern='/app/**/*.{js,html}']. This is not recommended -- please use permitAll via HttpSecurity#authorizeHttpRequests instead.
2022-05-19 20:37:33.778  WARN 1 --- [main] o.s.s.c.a.web.builders.WebSecurity       : You are asking Spring Security to ignore Ant [pattern='/i18n/**']. This is not recommended -- please use permitAll via HttpSecurity#authorizeHttpRequests instead.
2022-05-19 20:37:33.778  WARN 1 --- [main] o.s.s.c.a.web.builders.WebSecurity       : You are asking Spring Security to ignore Ant [pattern='/content/**']. This is not recommended -- please use permitAll via HttpSecurity#authorizeHttpRequests instead.
2022-05-19 20:37:33.779  WARN 1 --- [main] o.s.s.c.a.web.builders.WebSecurity       : You are asking Spring Security to ignore Ant [pattern='/swagger-ui/**']. This is not recommended -- please use permitAll via HttpSecurity#authorizeHttpRequests instead.
2022-05-19 20:37:33.779  WARN 1 --- [main] o.s.s.c.a.web.builders.WebSecurity       : You are asking Spring Security to ignore Ant [pattern='/test/**']. This is not recommended -- please use permitAll via HttpSecurity#authorizeHttpRequests instead.
2022-05-19 20:37:34.760  INFO 1 --- [main] org.jboss.threads                        : JBoss Threads version 3.1.0.Final
2022-05-19 20:37:34.821  INFO 1 --- [main] com.proiect.app.ProiectApp               : Started ProiectApp in 10.978 seconds (JVM running for 11.504)
2022-05-19 20:37:34.826  INFO 1 --- [main] com.proiect.app.ProiectApp               : 
----------------------------------------------------------
	Application 'proiect' is running! Access URLs:
	Local: 		http://localhost:8080/
	External: 	http://172.21.0.6:8080/
	Profile(s): 	[prod, api-docs]
----------------------------------------------------------
2022-05-19 20:41:44.056  INFO 1 --- [main] com.proiect.app.ProiectApp               : The following 2 profiles are active: "prod", "api-docs"
2022-05-19 20:41:48.127  INFO 1 --- [main] com.proiect.app.config.WebConfigurer     : Web application configuration, using profiles: prod
2022-05-19 20:41:48.129  INFO 1 --- [main] com.proiect.app.config.WebConfigurer     : Web application fully configured
2022-05-19 20:41:50.404  WARN 1 --- [main] org.hibernate.orm.cache                  : HHH90001006: Missing cache[com.proiect.app.domain.Alert] was created on-the-fly. The created cache will use a provider-specific default configuration: make sure you defined one. You can disable this warning by setting 'hibernate.javax.cache.missing_cache_strategy' to 'create'.
2022-05-19 20:41:50.509  WARN 1 --- [main] org.hibernate.orm.cache                  : HHH90001006: Missing cache[com.proiect.app.domain.User.authorities] was created on-the-fly. The created cache will use a provider-specific default configuration: make sure you defined one. You can disable this warning by setting 'hibernate.javax.cache.missing_cache_strategy' to 'create'.
2022-05-19 20:41:50.520  WARN 1 --- [main] org.hibernate.orm.cache                  : HHH90001006: Missing cache[com.proiect.app.domain.Authority] was created on-the-fly. The created cache will use a provider-specific default configuration: make sure you defined one. You can disable this warning by setting 'hibernate.javax.cache.missing_cache_strategy' to 'create'.
2022-05-19 20:41:50.525  WARN 1 --- [main] org.hibernate.orm.cache                  : HHH90001006: Missing cache[com.proiect.app.domain.PostComment] was created on-the-fly. The created cache will use a provider-specific default configuration: make sure you defined one. You can disable this warning by setting 'hibernate.javax.cache.missing_cache_strategy' to 'create'.
2022-05-19 20:41:50.538  WARN 1 --- [main] org.hibernate.orm.cache                  : HHH90001006: Missing cache[com.proiect.app.domain.Post] was created on-the-fly. The created cache will use a provider-specific default configuration: make sure you defined one. You can disable this warning by setting 'hibernate.javax.cache.missing_cache_strategy' to 'create'.
2022-05-19 20:41:50.543  WARN 1 --- [main] org.hibernate.orm.cache                  : HHH90001006: Missing cache[com.proiect.app.domain.User] was created on-the-fly. The created cache will use a provider-specific default configuration: make sure you defined one. You can disable this warning by setting 'hibernate.javax.cache.missing_cache_strategy' to 'create'.
2022-05-19 20:41:50.548  WARN 1 --- [main] org.hibernate.orm.cache                  : HHH90001006: Missing cache[com.proiect.app.domain.Place] was created on-the-fly. The created cache will use a provider-specific default configuration: make sure you defined one. You can disable this warning by setting 'hibernate.javax.cache.missing_cache_strategy' to 'create'.
2022-05-19 20:41:53.318  WARN 1 --- [main] o.s.s.c.a.web.builders.WebSecurity       : You are asking Spring Security to ignore Ant [pattern='/**', OPTIONS]. This is not recommended -- please use permitAll via HttpSecurity#authorizeHttpRequests instead.
2022-05-19 20:41:53.319  WARN 1 --- [main] o.s.s.c.a.web.builders.WebSecurity       : You are asking Spring Security to ignore Ant [pattern='/app/**/*.{js,html}']. This is not recommended -- please use permitAll via HttpSecurity#authorizeHttpRequests instead.
2022-05-19 20:41:53.320  WARN 1 --- [main] o.s.s.c.a.web.builders.WebSecurity       : You are asking Spring Security to ignore Ant [pattern='/i18n/**']. This is not recommended -- please use permitAll via HttpSecurity#authorizeHttpRequests instead.
2022-05-19 20:41:53.320  WARN 1 --- [main] o.s.s.c.a.web.builders.WebSecurity       : You are asking Spring Security to ignore Ant [pattern='/content/**']. This is not recommended -- please use permitAll via HttpSecurity#authorizeHttpRequests instead.
2022-05-19 20:41:53.321  WARN 1 --- [main] o.s.s.c.a.web.builders.WebSecurity       : You are asking Spring Security to ignore Ant [pattern='/swagger-ui/**']. This is not recommended -- please use permitAll via HttpSecurity#authorizeHttpRequests instead.
2022-05-19 20:41:53.321  WARN 1 --- [main] o.s.s.c.a.web.builders.WebSecurity       : You are asking Spring Security to ignore Ant [pattern='/test/**']. This is not recommended -- please use permitAll via HttpSecurity#authorizeHttpRequests instead.
2022-05-19 20:41:54.349  INFO 1 --- [main] org.jboss.threads                        : JBoss Threads version 3.1.0.Final
2022-05-19 20:41:54.412  INFO 1 --- [main] com.proiect.app.ProiectApp               : Started ProiectApp in 11.42 seconds (JVM running for 11.931)
2022-05-19 20:41:54.419  INFO 1 --- [main] com.proiect.app.ProiectApp               : 
----------------------------------------------------------
	Application 'proiect' is running! Access URLs:
	Local: 		http://localhost:8080/
	External: 	http://172.22.0.4:8080/
	Profile(s): 	[prod, api-docs]
----------------------------------------------------------
2022-05-19 20:41:59.807  WARN 1 --- [XNIO-1 task-1] o.z.problem.spring.common.AdviceTraits   : Unauthorized: Full authentication is required to access this resource
2022-05-19 20:46:45.787  INFO 1 --- [main] com.proiect.app.ProiectApp               : The following 2 profiles are active: "prod", "api-docs"
2022-05-19 20:46:51.404  INFO 1 --- [main] com.proiect.app.config.WebConfigurer     : Web application configuration, using profiles: prod
2022-05-19 20:46:51.406  INFO 1 --- [main] com.proiect.app.config.WebConfigurer     : Web application fully configured
2022-05-19 20:46:53.881  WARN 1 --- [main] org.hibernate.orm.cache                  : HHH90001006: Missing cache[com.proiect.app.domain.Authority] was created on-the-fly. The created cache will use a provider-specific default configuration: make sure you defined one. You can disable this warning by setting 'hibernate.javax.cache.missing_cache_strategy' to 'create'.
2022-05-19 20:46:53.975  WARN 1 --- [main] org.hibernate.orm.cache                  : HHH90001006: Missing cache[com.proiect.app.domain.User.authorities] was created on-the-fly. The created cache will use a provider-specific default configuration: make sure you defined one. You can disable this warning by setting 'hibernate.javax.cache.missing_cache_strategy' to 'create'.
2022-05-19 20:46:53.980  WARN 1 --- [main] org.hibernate.orm.cache                  : HHH90001006: Missing cache[com.proiect.app.domain.Post] was created on-the-fly. The created cache will use a provider-specific default configuration: make sure you defined one. You can disable this warning by setting 'hibernate.javax.cache.missing_cache_strategy' to 'create'.
2022-05-19 20:46:53.986  WARN 1 --- [main] org.hibernate.orm.cache                  : HHH90001006: Missing cache[com.proiect.app.domain.PostComment] was created on-the-fly. The created cache will use a provider-specific default configuration: make sure you defined one. You can disable this warning by setting 'hibernate.javax.cache.missing_cache_strategy' to 'create'.
2022-05-19 20:46:53.990  WARN 1 --- [main] org.hibernate.orm.cache                  : HHH90001006: Missing cache[com.proiect.app.domain.User] was created on-the-fly. The created cache will use a provider-specific default configuration: make sure you defined one. You can disable this warning by setting 'hibernate.javax.cache.missing_cache_strategy' to 'create'.
2022-05-19 20:46:53.995  WARN 1 --- [main] org.hibernate.orm.cache                  : HHH90001006: Missing cache[com.proiect.app.domain.Place] was created on-the-fly. The created cache will use a provider-specific default configuration: make sure you defined one. You can disable this warning by setting 'hibernate.javax.cache.missing_cache_strategy' to 'create'.
2022-05-19 20:46:54.000  WARN 1 --- [main] org.hibernate.orm.cache                  : HHH90001006: Missing cache[com.proiect.app.domain.Alert] was created on-the-fly. The created cache will use a provider-specific default configuration: make sure you defined one. You can disable this warning by setting 'hibernate.javax.cache.missing_cache_strategy' to 'create'.
2022-05-19 20:46:56.684  WARN 1 --- [main] o.s.s.c.a.web.builders.WebSecurity       : You are asking Spring Security to ignore Ant [pattern='/**', OPTIONS]. This is not recommended -- please use permitAll via HttpSecurity#authorizeHttpRequests instead.
2022-05-19 20:46:56.686  WARN 1 --- [main] o.s.s.c.a.web.builders.WebSecurity       : You are asking Spring Security to ignore Ant [pattern='/app/**/*.{js,html}']. This is not recommended -- please use permitAll via HttpSecurity#authorizeHttpRequests instead.
2022-05-19 20:46:56.687  WARN 1 --- [main] o.s.s.c.a.web.builders.WebSecurity       : You are asking Spring Security to ignore Ant [pattern='/i18n/**']. This is not recommended -- please use permitAll via HttpSecurity#authorizeHttpRequests instead.
2022-05-19 20:46:56.688  WARN 1 --- [main] o.s.s.c.a.web.builders.WebSecurity       : You are asking Spring Security to ignore Ant [pattern='/content/**']. This is not recommended -- please use permitAll via HttpSecurity#authorizeHttpRequests instead.
2022-05-19 20:46:56.689  WARN 1 --- [main] o.s.s.c.a.web.builders.WebSecurity       : You are asking Spring Security to ignore Ant [pattern='/swagger-ui/**']. This is not recommended -- please use permitAll via HttpSecurity#authorizeHttpRequests instead.
2022-05-19 20:46:56.689  WARN 1 --- [main] o.s.s.c.a.web.builders.WebSecurity       : You are asking Spring Security to ignore Ant [pattern='/test/**']. This is not recommended -- please use permitAll via HttpSecurity#authorizeHttpRequests instead.
2022-05-19 20:46:57.862  INFO 1 --- [main] org.jboss.threads                        : JBoss Threads version 3.1.0.Final
2022-05-19 20:46:57.926  INFO 1 --- [main] com.proiect.app.ProiectApp               : Started ProiectApp in 13.733 seconds (JVM running for 14.353)
2022-05-19 20:46:57.935  INFO 1 --- [main] com.proiect.app.ProiectApp               : 
----------------------------------------------------------
	Application 'proiect' is running! Access URLs:
	Local: 		http://localhost:8080/
	External: 	http://172.23.0.5:8080/
	Profile(s): 	[prod, api-docs]
----------------------------------------------------------
2022-05-19 20:47:57.225  WARN 1 --- [XNIO-1 task-1] o.z.problem.spring.common.AdviceTraits   : Unauthorized: Full authentication is required to access this resource
